c:\users\jean\documents\opengl\particlesystem\particlesystem\x64\release\vc141.pdb
c:\users\jean\documents\opengl\particlesystem\particlesystem\x64\release\shader.obj
c:\users\jean\documents\opengl\particlesystem\particlesystem\x64\release\particles.obj
c:\users\jean\documents\opengl\particlesystem\particlesystem\x64\release\main.obj
c:\users\jean\documents\opengl\particlesystem\particlesystem\x64\release\control.obj
c:\users\jean\documents\opengl\2dparticles\particlesystem\x64\release\vc141.pdb
c:\users\jean\documents\opengl\2dparticles\particlesystem\x64\release\shader.obj
c:\users\jean\documents\opengl\2dparticles\particlesystem\x64\release\main.obj
c:\users\jean\documents\opengl\2dparticles\particlesystem\x64\release\control.obj
c:\users\jean\documents\opengl\2dparticles\particlesystem\x64\release\particles.obj
c:\users\jean\documents\opengl\particlesystem\x64\release\particlesystem.exe
c:\users\jean\documents\opengl\particlesystem\x64\release\particlesystem.pdb
c:\users\jean\documents\opengl\2dparticles\x64\release\particlesystem.exe
c:\users\jean\documents\opengl\2dparticles\x64\release\particlesystem.pdb
c:\users\jean\documents\opengl\particlesystem\x64\release\particlesystem.ipdb
c:\users\jean\documents\opengl\particlesystem\x64\release\particlesystem.iobj
c:\users\jean\documents\opengl\2dparticles\x64\release\particlesystem.ipdb
c:\users\jean\documents\opengl\2dparticles\x64\release\particlesystem.iobj
c:\users\jean\documents\opengl\2dparticles\particlesystem\x64\release\particlesystem.tlog\cl.command.1.tlog
c:\users\jean\documents\opengl\2dparticles\particlesystem\x64\release\particlesystem.tlog\cl.read.1.tlog
c:\users\jean\documents\opengl\2dparticles\particlesystem\x64\release\particlesystem.tlog\cl.write.1.tlog
c:\users\jean\documents\opengl\2dparticles\particlesystem\x64\release\particlesystem.tlog\link.command.1.tlog
c:\users\jean\documents\opengl\2dparticles\particlesystem\x64\release\particlesystem.tlog\link.read.1.tlog
c:\users\jean\documents\opengl\2dparticles\particlesystem\x64\release\particlesystem.tlog\link.write.1.tlog
c:\users\jean\documents\opengl\2dparticles\particlesystem\x64\release\particlesystem.tlog\particlesystem.write.1u.tlog
